================================================================================
ShelfSense - Framework-Based Explanation Generator
================================================================================

Total questions in database: 1285
Starting from index: 0
Batch size: 50

Questions needing framework explanations: 1285

[1/1285] Processing: 4b1560a9... (NBME Emergency Medicine 1 - Answers)
  ✅ Generated TYPE_A_STABILITY: Acute pulmonary edema with hemodynamic instability requires ...
[2/1285] Processing: b8d863c3... (NBME Emergency Medicine 1 - Answers)
  ✅ Generated TYPE_F_DIFFERENTIAL_NARROWING: Presence of blood in the external auditory canal with hearin...
[3/1285] Processing: 10748771... (NBME Emergency Medicine 1 - Answers)
  ✅ Generated TYPE_A_STABILITY: Seizure with alcohol withdrawal requires benzodiazepine admi...
[4/1285] Processing: e4cf148a... (NBME Emergency Medicine 1 - Answers)
  ✅ Generated TYPE_A_STABILITY: Acute aortic dissection with hemodynamic instability require...
[5/1285] Processing: fcd75b8f... (NBME Emergency Medicine 1 - Answers)
  ✅ Generated TYPE_A_STABILITY: Near-drowning with hemodynamic stability requires hospital a...
[6/1285] Processing: 9e3ab3fa... (NBME Emergency Medicine 1 - Answers)
  ✅ Generated TYPE_A_STABILITY: Hemodynamically unstable patients with GI bleeding require p...
[7/1285] Processing: 4ef0a641... (NBME Emergency Medicine 1 - Answers)
  ✅ Generated TYPE_E_TREATMENT_HIERARCHY: Effective communication with non-English speaking patients r...
[8/1285] Processing: c3994783... (NBME Emergency Medicine 1 - Answers)
  ✅ Generated TYPE_F_DIFFERENTIAL_NARROWING: Right lower quadrant pain with leukocytosis and negative pre...
[9/1285] Processing: 5fbcd649... (NBME Emergency Medicine 1 - Answers)
  ✅ Generated TYPE_F_DIFFERENTIAL_NARROWING: Elevated bilirubin and liver enzymes with abdominal pain sug...
[10/1285] Processing: 06d9cca8... (NBME Emergency Medicine 1 - Answers)
  ✅ Generated TYPE_C_DIAGNOSTIC_SEQUENCE: Right lower quadrant pain with adnexal tenderness requires p...
[11/1285] Processing: c8ce1d9d... (NBME Emergency Medicine 1 - Answers)
  ✅ Generated TYPE_A_STABILITY: Acute testicular torsion requires immediate surgical interve...
[12/1285] Processing: 1790f8dd... (NBME Emergency Medicine 1 - Answers)
  ✅ Generated TYPE_E_TREATMENT_HIERARCHY: Human bite wounds require irrigation and antibiotic therapy ...
[13/1285] Processing: 8f9ad422... (NBME Emergency Medicine 1 - Answers)
  ✅ Generated TYPE_C_DIAGNOSTIC_SEQUENCE: A woman with lower abdominal pain and adnexal tenderness req...
[14/1285] Processing: 67663942... (NBME Emergency Medicine 1 - Answers)
  ✅ Generated TYPE_F_DIFFERENTIAL: Shortened and externally rotated leg indicates femoral neck ...
[15/1285] Processing: 88eed1e6... (NBME Emergency Medicine 1 - Answers)
  ✅ Generated TYPE_D_RISK_STRATIFICATION: Alcohol use significantly increases the risk of suicide atte...
[16/1285] Processing: 85ee8c26... (NBME Emergency Medicine 1 - Answers)
  ✅ Generated TYPE_A_STABILITY: Hypotension with dehydration in an infant requires addressin...
[17/1285] Processing: c38a1afc... (NBME Emergency Medicine 1 - Answers)
  ✅ Generated TYPE_A_STABILITY: Tachycardia with palpitations and hyperthermia in suspected ...
[18/1285] Processing: ae1231ac... (NBME Emergency Medicine 1 - Answers)
  ✅ Generated TYPE_A_STABILITY: Postpartum hemorrhage with retained products and hemodynamic...
[19/1285] Processing: 04d4ac3b... (NBME Emergency Medicine 1 - Answers)
  ✅ Generated TYPE_C_DIAGNOSTIC_SEQUENCE: Flank pain with hematuria requires CT scan of the abdomen to...
[20/1285] Processing: e29e2bbe... (NBME Emergency Medicine 1 - Answers)
  ✅ Generated TYPE_A_STABILITY: Heat stroke with hemodynamic instability requires immediate ...
[21/1285] Processing: c511db0e... (NBME Emergency Medicine 1 - Answers)
  ✅ Generated TYPE_A_STABILITY: Postoperative ileus with stable vitals requires nasogastric ...
[22/1285] Processing: 428dded3... (NBME Emergency Medicine 1 - Answers)
  ✅ Generated TYPE_F_DIFFERENTIAL: Sudden onset of neck pain, dizziness, and lateral medullary ...
[23/1285] Processing: dd4433f8... (NBME Emergency Medicine 1 - Answers)
  ✅ Generated TYPE_A_STABILITY: Severe hypoglycemia with altered mental status requires imme...
[24/1285] Processing: 135d7e94... (NBME Emergency Medicine 1 - Answers)
  ✅ Generated TYPE_A_STABILITY: A competent patient with stable vitals can leave against med...
[25/1285] Processing: ddc2c8f0... (NBME Emergency Medicine 1 - Answers)
  ✅ Generated TYPE_A_STABILITY: Massive pulmonary embolism with hemodynamic instability requ...
[26/1285] Processing: 3f7580dc... (NBME Emergency Medicine 1 - Answers)
  ✅ Generated TYPE_A_STABILITY: Sepsis with hemodynamic instability requires immediate inter...
[27/1285] Processing: 6fba36c1... (NBME Emergency Medicine 1 - Answers)
  ✅ Generated TYPE_C_DIAGNOSTIC_SEQUENCE: Clinical suspicion of pelvic inflammatory disease (PID) requ...
[28/1285] Processing: 8d843748... (NBME Emergency Medicine 1 - Answers)
  ✅ Generated TYPE_A_STABILITY: Fluctuant swelling with signs of abscess requires incision a...
[29/1285] Processing: 107896cc... (NBME Emergency Medicine 1 - Answers)
  ✅ Generated TYPE_A_STABILITY: Hypotension with hemodynamic instability requires immediate ...
[30/1285] Processing: f581ecc3... (NBME Emergency Medicine 1 - Answers)
  ✅ Generated TYPE_A_STABILITY: Upper gastrointestinal bleeding with hemodynamic instability...
[31/1285] Processing: 06bd7864... (NBME Emergency Medicine 1 - Answers)
  ✅ Generated TYPE_A_STABILITY: Febrile seizure in a stable child requires antipyretic treat...
[32/1285] Processing: 69ef73ec... (NBME Emergency Medicine 1 - Answers)
  ✅ Generated TYPE_A_STABILITY: Anaphylaxis with hemodynamic instability requires immediate ...
[33/1285] Processing: 46a4bf50... (NBME Emergency Medicine 2 - Answers)
  ✅ Generated TYPE_F_DIFFERENTIAL_NARROWING: Cloudy CSF with high neutrophils and low glucose indicates b...
[34/1285] Processing: 85284345... (NBME Emergency Medicine 2 - Answers)
  ✅ Generated TYPE_A_STABILITY: Acute cholecystitis with signs of systemic infection require...
[35/1285] Processing: 2721b822... (NBME Emergency Medicine 2 - Answers)
  ✅ Generated TYPE_A_STABILITY: Septic shock with hemodynamic instability requires addressin...
[36/1285] Processing: 22629d45... (NBME Emergency Medicine 2 - Answers)
  ✅ Generated TYPE_A_STABILITY: Severe respiratory acidosis with somnolence requires intubat...
[37/1285] Processing: b19437b1... (NBME Emergency Medicine 2 - Answers)
  ✅ Generated TYPE_A_STABILITY: Hematemesis with hemodynamic instability requires fluid resu...
[38/1285] Processing: e595070f... (NBME Emergency Medicine 2 - Answers)
  ✅ Generated TYPE_F_DIFFERENTIAL_NARROWING: Polyarticular arthritis with high synovial WBC count and neg...
[39/1285] Processing: b4b7be2f... (NBME Emergency Medicine 2 - Answers)
  ✅ Generated TYPE_C_DIAGNOSTIC_SEQUENCE: A negative CT in suspected subarachnoid hemorrhage requires ...
[40/1285] Processing: 56eb23fb... (NBME Emergency Medicine 2 - Answers)
  ✅ Generated TYPE_A_STABILITY: Severe hypokalemia with hemodynamic instability requires imm...
[41/1285] Processing: c02aeb11... (NBME Emergency Medicine 2 - Answers)
  ✅ Generated TYPE_F_DIFFERENTIAL_NARROWING: Inadequate dissipation of body heat differentiates exertiona...
[42/1285] Processing: 1e252dc3... (NBME Emergency Medicine 2 - Answers)
  ✅ Generated TYPE_A_STABILITY: Submersion injury with oxygen saturation of 92% requires obs...
[43/1285] Processing: 7b65b775... (NBME Emergency Medicine 2 - Answers)
  ✅ Generated TYPE_A_STABILITY: Acute abdominal pain with tachycardia and fever requires ade...
[44/1285] Processing: 003920d5... (NBME Emergency Medicine 2 - Answers)
  ✅ Generated TYPE_C_DIAGNOSTIC_SEQUENCE: Acute monoarticular arthritis requires synovial fluid analys...
[45/1285] Processing: 0304ddd1... (NBME Emergency Medicine 2 - Answers)
  ✅ Generated TYPE_F_DIFFERENTIAL: Flank pain with costovertebral angle tenderness and no abdom...
[46/1285] Processing: 4f323a36... (NBME Emergency Medicine 2 - Answers)